project/SplashActivity/app/build/outputs/logs/manifest-merger-debug-report.txt
-- Merging decision tree log ---
manifest
ADDED from src\main\AndroidManifest.xml:1:1-134:12
INJECTED from src\main\AndroidManifest.xml:1:1-134:12
INJECTED from src\main\AndroidManifest.xml:1:1-134:12
INJECTED from src\main\AndroidManifest.xml:1:1-134:12
INJECTED from src\main\AndroidManifest.xml:1:1-134:12
INJECTED from src\main\AndroidManifest.xml:1:1-134:12
INJECTED from src\main\AndroidManifest.xml:1:1-134:12
	package
		ADDED from src\main\AndroidManifest.xml:2:5-32
		INJECTED from src\main\AndroidManifest.xml
		INJECTED from src\main\AndroidManifest.xml
	android:versionName
		ADDED from src\main\AndroidManifest.xml:5:5-32
		INJECTED from src\main\AndroidManifest.xml
		INJECTED from src\main\AndroidManifest.xml
	xmlns:android
		ADDED from src\main\AndroidManifest.xml:1:11-69
	android:versionCode
		ADDED from src\main\AndroidManifest.xml:4:5-28
		INJECTED from src\main\AndroidManifest.xml
		INJECTED from src\main\AndroidManifest.xml
	android:installLocation
		ADDED from src\main\AndroidManifest.xml:3:5-35
uses-sdk
ADDED from src\main\AndroidManifest.xml:7:5-9:41
INJECTED from src\main\AndroidManifest.xml:7:5-9:41
INJECTED from src\main\AndroidManifest.xml:7:5-9:41
INJECTED from src\main\AndroidManifest.xml:7:5-9:41
INJECTED from src\main\AndroidManifest.xml:7:5-9:41
	android:targetSdkVersion
		ADDED from src\main\AndroidManifest.xml:9:9-38
		INJECTED from src\main\AndroidManifest.xml
		INJECTED from src\main\AndroidManifest.xml
	android:minSdkVersion
		ADDED from src\main\AndroidManifest.xml:8:9-34
		INJECTED from src\main\AndroidManifest.xml
		INJECTED from src\main\AndroidManifest.xml
uses-permission#android.permission.CAMERA
ADDED from src\main\AndroidManifest.xml:11:5-65
	android:name
		ADDED from src\main\AndroidManifest.xml:11:22-62
uses-permission#android.permission.INTERNET
ADDED from src\main\AndroidManifest.xml:12:5-67
	android:name
		ADDED from src\main\AndroidManifest.xml:12:22-64
uses-permission#android.permission.WRITE_EXTERNAL_STORAGE
ADDED from src\main\AndroidManifest.xml:13:5-81
	android:name
		ADDED from src\main\AndroidManifest.xml:13:22-78
uses-permission#android.permission.MOUNT_UNMOUNT_FILESYSTEMS
ADDED from src\main\AndroidManifest.xml:14:5-84
	android:name
		ADDED from src\main\AndroidManifest.xml:14:22-81
uses-permission#android.permission.CHANGE_WIFI_STATE
ADDED from src\main\AndroidManifest.xml:15:5-76
	android:name
		ADDED from src\main\AndroidManifest.xml:15:22-73
uses-permission#android.permission.ACCESS_WIFI_STATE
ADDED from src\main\AndroidManifest.xml:16:5-76
	android:name
		ADDED from src\main\AndroidManifest.xml:16:22-73
uses-permission#android.permission.ACCESS_NETWORK_STATE
ADDED from src\main\AndroidManifest.xml:17:5-79
	android:name
		ADDED from src\main\AndroidManifest.xml:17:22-76
uses-permission#android.permission.ACCESS_FINE_LOCATION
ADDED from src\main\AndroidManifest.xml:18:5-79
	android:name
		ADDED from src\main\AndroidManifest.xml:18:22-76
uses-permission#android.permission.VIBRATE
ADDED from src\main\AndroidManifest.xml:19:5-66
	android:name
		ADDED from src\main\AndroidManifest.xml:19:22-63
uses-feature#android.hardware.camera
ADDED from src\main\AndroidManifest.xml:22:5-60
	android:name
		ADDED from src\main\AndroidManifest.xml:22:19-57
uses-feature#android.hardware.camera.autofocus
ADDED from src\main\AndroidManifest.xml:23:5-70
	android:name
		ADDED from src\main\AndroidManifest.xml:23:19-67
supports-screens
ADDED from src\main\AndroidManifest.xml:27:5-32:40
	android:largeScreens
		ADDED from src\main\AndroidManifest.xml:29:9-36
	android:smallScreens
		ADDED from src\main\AndroidManifest.xml:31:9-36
	android:normalScreens
		ADDED from src\main\AndroidManifest.xml:30:9-37
	android:xlargeScreens
		ADDED from src\main\AndroidManifest.xml:32:9-37
	android:anyDensity
		ADDED from src\main\AndroidManifest.xml:28:9-34
application
ADDED from src\main\AndroidManifest.xml:34:5-132:19
	android:label
		ADDED from src\main\AndroidManifest.xml:38:9-41
	android:icon
		ADDED from src\main\AndroidManifest.xml:37:9-45
	android:allowBackup
		ADDED from src\main\AndroidManifest.xml:36:9-35
	android:theme
		ADDED from src\main\AndroidManifest.xml:39:9-40
	android:name
		ADDED from src\main\AndroidManifest.xml:35:9-57
activity#com.itau.jingdong.ui.SplashActivity
ADDED from src\main\AndroidManifest.xml:40:9-50:20
	android:label
		ADDED from src\main\AndroidManifest.xml:42:13-45
	android:launchMode
		ADDED from src\main\AndroidManifest.xml:43:13-44
	android:theme
		ADDED from src\main\AndroidManifest.xml:44:13-47
	android:name
		ADDED from src\main\AndroidManifest.xml:41:13-46
intent-filter#android.intent.action.MAIN+android.intent.category.LAUNCHER
ADDED from src\main\AndroidManifest.xml:45:13-49:29
action#android.intent.action.MAIN
ADDED from src\main\AndroidManifest.xml:46:17-69
	android:name
		ADDED from src\main\AndroidManifest.xml:46:25-66
category#android.intent.category.LAUNCHER
ADDED from src\main\AndroidManifest.xml:48:17-77
	android:name
		ADDED from src\main\AndroidManifest.xml:48:27-74
activity#com.itau.jingdong.ui.HomeActivity
ADDED from src\main\AndroidManifest.xml:51:9-54:47
	android:launchMode
		ADDED from src\main\AndroidManifest.xml:53:13-43
	android:theme
		ADDED from src\main\AndroidManifest.xml:54:13-44
	android:name
		ADDED from src\main\AndroidManifest.xml:52:13-44
activity#com.itau.jingdong.ui.MainActivity
ADDED from src\main\AndroidManifest.xml:55:9-58:47
	android:launchMode
		ADDED from src\main\AndroidManifest.xml:57:13-43
	android:theme
		ADDED from src\main\AndroidManifest.xml:58:13-44
	android:name
		ADDED from src\main\AndroidManifest.xml:56:13-44
activity#com.itau.jingdong.ui.IndexActivity
ADDED from src\main\AndroidManifest.xml:59:9-62:47
	android:launchMode
		ADDED from src\main\AndroidManifest.xml:61:13-43
	android:theme
		ADDED from src\main\AndroidManifest.xml:62:13-44
	android:name
		ADDED from src\main\AndroidManifest.xml:60:13-45
activity#com.itau.jingdong.ui.CategoryActivity
ADDED from src\main\AndroidManifest.xml:63:9-66:47
	android:launchMode
		ADDED from src\main\AndroidManifest.xml:65:13-43
	android:theme
		ADDED from src\main\AndroidManifest.xml:66:13-44
	android:name
		ADDED from src\main\AndroidManifest.xml:64:13-48
activity#com.itau.jingdong.ui.CartActivity
ADDED from src\main\AndroidManifest.xml:67:9-70:47
	android:launchMode
		ADDED from src\main\AndroidManifest.xml:69:13-43
	android:theme
		ADDED from src\main\AndroidManifest.xml:70:13-44
	android:name
		ADDED from src\main\AndroidManifest.xml:68:13-44
activity#com.itau.jingdong.ui.PersonalActivity
ADDED from src\main\AndroidManifest.xml:71:9-74:47
	android:launchMode
		ADDED from src\main\AndroidManifest.xml:73:13-43
	android:theme
		ADDED from src\main\AndroidManifest.xml:74:13-44
	android:name
		ADDED from src\main\AndroidManifest.xml:72:13-48
activity#com.itau.jingdong.ui.SearchActivity
ADDED from src\main\AndroidManifest.xml:75:9-79:55
	android:launchMode
		ADDED from src\main\AndroidManifest.xml:77:13-43
	android:windowSoftInputMode
		ADDED from src\main\AndroidManifest.xml:79:13-52
	android:theme
		ADDED from src\main\AndroidManifest.xml:78:13-49
	android:name
		ADDED from src\main\AndroidManifest.xml:76:13-46
activity#com.itau.jingdong.ui.LoginActivity
ADDED from src\main\AndroidManifest.xml:80:9-83:20
	android:theme
		ADDED from src\main\AndroidManifest.xml:82:13-60
	android:name
		ADDED from src\main\AndroidManifest.xml:81:13-45
activity#com.itau.jingdong.ui.RegisterActivity
ADDED from src\main\AndroidManifest.xml:84:9-88:20
	android:launchMode
		ADDED from src\main\AndroidManifest.xml:86:13-43
	android:theme
		ADDED from src\main\AndroidManifest.xml:87:13-44
	android:name
		ADDED from src\main\AndroidManifest.xml:85:13-48
activity#com.itau.jingdong.ui.RegisterBormalActivity
ADDED from src\main\AndroidManifest.xml:89:9-93:20
	android:launchMode
		ADDED from src\main\AndroidManifest.xml:91:13-43
	android:theme
		ADDED from src\main\AndroidManifest.xml:92:13-44
	android:name
		ADDED from src\main\AndroidManifest.xml:90:13-54
activity#com.itau.jingdong.ui.MoreActivity
ADDED from src\main\AndroidManifest.xml:94:9-98:20
	android:launchMode
		ADDED from src\main\AndroidManifest.xml:96:13-43
	android:theme
		ADDED from src\main\AndroidManifest.xml:97:13-44
	android:name
		ADDED from src\main\AndroidManifest.xml:95:13-44
activity#com.itau.jingdong.ui.IndexShakeActivity
ADDED from src\main\AndroidManifest.xml:99:9-103:20
	android:launchMode
		ADDED from src\main\AndroidManifest.xml:101:13-43
	android:theme
		ADDED from src\main\AndroidManifest.xml:102:13-44
	android:name
		ADDED from src\main\AndroidManifest.xml:100:13-50
activity#com.itau.jingdong.ui.IndexClothingActivity
ADDED from src\main\AndroidManifest.xml:104:9-108:20
	android:launchMode
		ADDED from src\main\AndroidManifest.xml:106:13-43
	android:theme
		ADDED from src\main\AndroidManifest.xml:107:13-44
	android:name
		ADDED from src\main\AndroidManifest.xml:105:13-53
activity#com.itau.jingdong.ui.IndexDigtalActivity
ADDED from src\main\AndroidManifest.xml:109:9-113:20
	android:launchMode
		ADDED from src\main\AndroidManifest.xml:111:13-43
	android:theme
		ADDED from src\main\AndroidManifest.xml:112:13-44
	android:name
		ADDED from src\main\AndroidManifest.xml:110:13-51
activity#com.itau.jingdong.ui.IndexDaily
ADDED from src\main\AndroidManifest.xml:114:9-118:20
	android:launchMode
		ADDED from src\main\AndroidManifest.xml:116:13-43
	android:theme
		ADDED from src\main\AndroidManifest.xml:117:13-44
	android:name
		ADDED from src\main\AndroidManifest.xml:115:13-42
activity#com.itau.jingdong.ui.IndexEbookActivity
ADDED from src\main\AndroidManifest.xml:119:9-123:20
	android:launchMode
		ADDED from src\main\AndroidManifest.xml:121:13-43
	android:theme
		ADDED from src\main\AndroidManifest.xml:122:13-44
	android:name
		ADDED from src\main\AndroidManifest.xml:120:13-50
activity#com.itau.jingdong.zxing.CaptureActivity
ADDED from src\main\AndroidManifest.xml:124:9-128:20
	android:launchMode
		ADDED from src\main\AndroidManifest.xml:126:13-43
	android:theme
		ADDED from src\main\AndroidManifest.xml:127:13-44
	android:name
		ADDED from src\main\AndroidManifest.xml:125:13-50
activity#com.itau.jingdong.zxing.CaptureResultActivity
ADDED from src\main\AndroidManifest.xml:129:9-131:56
	android:launchMode
		ADDED from src\main\AndroidManifest.xml:130:13-43
	android:theme
		ADDED from src\main\AndroidManifest.xml:131:13-44
	android:name
		ADDED from src\main\AndroidManifest.xml:129:19-62